Symlinking /home/agrobot/Robot_ws/devel/lib/xf_mic_asr_offline/voice_control
Symlinking /home/agrobot/Robot_ws/devel/lib/xf_mic_asr_offline/call_recognition
Symlinking /home/agrobot/Robot_ws/devel/lib/pkgconfig/xf_mic_asr_offline.pc
Symlinking /home/agrobot/Robot_ws/devel/lib/python3/dist-packages/xf_mic_asr_offline/__init__.py
Symlinking /home/agrobot/Robot_ws/devel/lib/python3/dist-packages/xf_mic_asr_offline/srv/_Set_Awake_Word_srv.py
Symlinking /home/agrobot/Robot_ws/devel/lib/python3/dist-packages/xf_mic_asr_offline/srv/_Get_Awake_Angle_srv.py
Symlinking /home/agrobot/Robot_ws/devel/lib/python3/dist-packages/xf_mic_asr_offline/srv/_Start_Record_srv.py
Symlinking /home/agrobot/Robot_ws/devel/lib/python3/dist-packages/xf_mic_asr_offline/srv/__init__.py
Symlinking /home/agrobot/Robot_ws/devel/lib/python3/dist-packages/xf_mic_asr_offline/srv/_Set_Major_Mic_srv.py
Symlinking /home/agrobot/Robot_ws/devel/lib/python3/dist-packages/xf_mic_asr_offline/srv/_Get_Major_Mic_srv.py
Symlinking /home/agrobot/Robot_ws/devel/lib/python3/dist-packages/xf_mic_asr_offline/srv/_Set_Led_On_srv.py
Symlinking /home/agrobot/Robot_ws/devel/lib/python3/dist-packages/xf_mic_asr_offline/srv/_Get_Offline_Result_srv.py
Symlinking /home/agrobot/Robot_ws/devel/lib/python3/dist-packages/xf_mic_asr_offline/msg/_Pcm_Msg.py
Symlinking /home/agrobot/Robot_ws/devel/lib/python3/dist-packages/xf_mic_asr_offline/msg/_position.py
Symlinking /home/agrobot/Robot_ws/devel/lib/python3/dist-packages/xf_mic_asr_offline/msg/__init__.py
Symlinking /home/agrobot/Robot_ws/devel/include/xf_mic_asr_offline/Set_Awake_Word_srv.h
Symlinking /home/agrobot/Robot_ws/devel/include/xf_mic_asr_offline/Start_Record_srv.h
Symlinking /home/agrobot/Robot_ws/devel/include/xf_mic_asr_offline/position.h
Symlinking /home/agrobot/Robot_ws/devel/include/xf_mic_asr_offline/Set_Awake_Word_srvRequest.h
Symlinking /home/agrobot/Robot_ws/devel/include/xf_mic_asr_offline/Set_Led_On_srv.h
Symlinking /home/agrobot/Robot_ws/devel/include/xf_mic_asr_offline/Set_Led_On_srvRequest.h
Symlinking /home/agrobot/Robot_ws/devel/include/xf_mic_asr_offline/Get_Awake_Angle_srv.h
Symlinking /home/agrobot/Robot_ws/devel/include/xf_mic_asr_offline/Start_Record_srvRequest.h
Symlinking /home/agrobot/Robot_ws/devel/include/xf_mic_asr_offline/Set_Major_Mic_srvRequest.h
Symlinking /home/agrobot/Robot_ws/devel/include/xf_mic_asr_offline/Get_Offline_Result_srv.h
Symlinking /home/agrobot/Robot_ws/devel/include/xf_mic_asr_offline/Get_Major_Mic_srvRequest.h
Symlinking /home/agrobot/Robot_ws/devel/include/xf_mic_asr_offline/Pcm_Msg.h
Symlinking /home/agrobot/Robot_ws/devel/include/xf_mic_asr_offline/Set_Major_Mic_srv.h
Symlinking /home/agrobot/Robot_ws/devel/include/xf_mic_asr_offline/Start_Record_srvResponse.h
Symlinking /home/agrobot/Robot_ws/devel/include/xf_mic_asr_offline/Get_Major_Mic_srv.h
Symlinking /home/agrobot/Robot_ws/devel/include/xf_mic_asr_offline/Set_Major_Mic_srvResponse.h
Symlinking /home/agrobot/Robot_ws/devel/include/xf_mic_asr_offline/Get_Offline_Result_srvRequest.h
Symlinking /home/agrobot/Robot_ws/devel/include/xf_mic_asr_offline/Set_Led_On_srvResponse.h
Symlinking /home/agrobot/Robot_ws/devel/include/xf_mic_asr_offline/Get_Awake_Angle_srvRequest.h
Symlinking /home/agrobot/Robot_ws/devel/include/xf_mic_asr_offline/Set_Awake_Word_srvResponse.h
Symlinking /home/agrobot/Robot_ws/devel/include/xf_mic_asr_offline/Get_Major_Mic_srvResponse.h
Symlinking /home/agrobot/Robot_ws/devel/include/xf_mic_asr_offline/Get_Awake_Angle_srvResponse.h
Symlinking /home/agrobot/Robot_ws/devel/include/xf_mic_asr_offline/Get_Offline_Result_srvResponse.h
Symlinking /home/agrobot/Robot_ws/devel/share/gennodejs/ros/xf_mic_asr_offline/_index.js
Symlinking /home/agrobot/Robot_ws/devel/share/gennodejs/ros/xf_mic_asr_offline/srv/Get_Major_Mic_srv.js
Symlinking /home/agrobot/Robot_ws/devel/share/gennodejs/ros/xf_mic_asr_offline/srv/Set_Awake_Word_srv.js
Symlinking /home/agrobot/Robot_ws/devel/share/gennodejs/ros/xf_mic_asr_offline/srv/Start_Record_srv.js
Symlinking /home/agrobot/Robot_ws/devel/share/gennodejs/ros/xf_mic_asr_offline/srv/Set_Major_Mic_srv.js
Symlinking /home/agrobot/Robot_ws/devel/share/gennodejs/ros/xf_mic_asr_offline/srv/Get_Offline_Result_srv.js
Symlinking /home/agrobot/Robot_ws/devel/share/gennodejs/ros/xf_mic_asr_offline/srv/Set_Led_On_srv.js
Symlinking /home/agrobot/Robot_ws/devel/share/gennodejs/ros/xf_mic_asr_offline/srv/_index.js
Symlinking /home/agrobot/Robot_ws/devel/share/gennodejs/ros/xf_mic_asr_offline/srv/Get_Awake_Angle_srv.js
Symlinking /home/agrobot/Robot_ws/devel/share/gennodejs/ros/xf_mic_asr_offline/msg/position.js
Symlinking /home/agrobot/Robot_ws/devel/share/gennodejs/ros/xf_mic_asr_offline/msg/Pcm_Msg.js
Symlinking /home/agrobot/Robot_ws/devel/share/gennodejs/ros/xf_mic_asr_offline/msg/_index.js
Symlinking /home/agrobot/Robot_ws/devel/share/xf_mic_asr_offline/cmake/xf_mic_asr_offlineConfig.cmake
Symlinking /home/agrobot/Robot_ws/devel/share/xf_mic_asr_offline/cmake/xf_mic_asr_offlineConfig-version.cmake
Symlinking /home/agrobot/Robot_ws/devel/share/xf_mic_asr_offline/cmake/xf_mic_asr_offline-msg-extras.cmake
Symlinking /home/agrobot/Robot_ws/devel/share/xf_mic_asr_offline/cmake/xf_mic_asr_offline-msg-paths.cmake
Symlinking /home/agrobot/Robot_ws/devel/share/roseus/ros/xf_mic_asr_offline/manifest.l
Symlinking /home/agrobot/Robot_ws/devel/share/roseus/ros/xf_mic_asr_offline/srv/Set_Led_On_srv.l
Symlinking /home/agrobot/Robot_ws/devel/share/roseus/ros/xf_mic_asr_offline/srv/Get_Awake_Angle_srv.l
Symlinking /home/agrobot/Robot_ws/devel/share/roseus/ros/xf_mic_asr_offline/srv/Start_Record_srv.l
Symlinking /home/agrobot/Robot_ws/devel/share/roseus/ros/xf_mic_asr_offline/srv/Get_Offline_Result_srv.l
Symlinking /home/agrobot/Robot_ws/devel/share/roseus/ros/xf_mic_asr_offline/srv/Get_Major_Mic_srv.l
Symlinking /home/agrobot/Robot_ws/devel/share/roseus/ros/xf_mic_asr_offline/srv/Set_Major_Mic_srv.l
Symlinking /home/agrobot/Robot_ws/devel/share/roseus/ros/xf_mic_asr_offline/srv/Set_Awake_Word_srv.l
Symlinking /home/agrobot/Robot_ws/devel/share/roseus/ros/xf_mic_asr_offline/msg/position.l
Symlinking /home/agrobot/Robot_ws/devel/share/roseus/ros/xf_mic_asr_offline/msg/Pcm_Msg.l
Symlinking /home/agrobot/Robot_ws/devel/share/common-lisp/ros/xf_mic_asr_offline/srv/Set_Awake_Word_srv.lisp
Symlinking /home/agrobot/Robot_ws/devel/share/common-lisp/ros/xf_mic_asr_offline/srv/_package_Set_Major_Mic_srv.lisp
Symlinking /home/agrobot/Robot_ws/devel/share/common-lisp/ros/xf_mic_asr_offline/srv/_package_Set_Led_On_srv.lisp
Symlinking /home/agrobot/Robot_ws/devel/share/common-lisp/ros/xf_mic_asr_offline/srv/Start_Record_srv.lisp
Symlinking /home/agrobot/Robot_ws/devel/share/common-lisp/ros/xf_mic_asr_offline/srv/_package_Set_Awake_Word_srv.lisp
Symlinking /home/agrobot/Robot_ws/devel/share/common-lisp/ros/xf_mic_asr_offline/srv/Get_Offline_Result_srv.lisp
Symlinking /home/agrobot/Robot_ws/devel/share/common-lisp/ros/xf_mic_asr_offline/srv/_package_Get_Awake_Angle_srv.lisp
Symlinking /home/agrobot/Robot_ws/devel/share/common-lisp/ros/xf_mic_asr_offline/srv/_package_Get_Major_Mic_srv.lisp
Symlinking /home/agrobot/Robot_ws/devel/share/common-lisp/ros/xf_mic_asr_offline/srv/_package.lisp
Symlinking /home/agrobot/Robot_ws/devel/share/common-lisp/ros/xf_mic_asr_offline/srv/Set_Major_Mic_srv.lisp
Symlinking /home/agrobot/Robot_ws/devel/share/common-lisp/ros/xf_mic_asr_offline/srv/_package_Start_Record_srv.lisp
Symlinking /home/agrobot/Robot_ws/devel/share/common-lisp/ros/xf_mic_asr_offline/srv/Get_Awake_Angle_srv.lisp
Symlinking /home/agrobot/Robot_ws/devel/share/common-lisp/ros/xf_mic_asr_offline/srv/Set_Led_On_srv.lisp
Symlinking /home/agrobot/Robot_ws/devel/share/common-lisp/ros/xf_mic_asr_offline/srv/xf_mic_asr_offline-srv.asd
Symlinking /home/agrobot/Robot_ws/devel/share/common-lisp/ros/xf_mic_asr_offline/srv/_package_Get_Offline_Result_srv.lisp
Symlinking /home/agrobot/Robot_ws/devel/share/common-lisp/ros/xf_mic_asr_offline/srv/Get_Major_Mic_srv.lisp
Symlinking /home/agrobot/Robot_ws/devel/share/common-lisp/ros/xf_mic_asr_offline/msg/_package_position.lisp
Symlinking /home/agrobot/Robot_ws/devel/share/common-lisp/ros/xf_mic_asr_offline/msg/_package.lisp
Symlinking /home/agrobot/Robot_ws/devel/share/common-lisp/ros/xf_mic_asr_offline/msg/Pcm_Msg.lisp
Symlinking /home/agrobot/Robot_ws/devel/share/common-lisp/ros/xf_mic_asr_offline/msg/position.lisp
Symlinking /home/agrobot/Robot_ws/devel/share/common-lisp/ros/xf_mic_asr_offline/msg/xf_mic_asr_offline-msg.asd
Symlinking /home/agrobot/Robot_ws/devel/share/common-lisp/ros/xf_mic_asr_offline/msg/_package_Pcm_Msg.lisp
