[35m[1mScanning dependencies of target std_msgs_generate_messages_nodejs[0m
[35m[1mScanning dependencies of target std_msgs_generate_messages_py[0m
[35m[1mScanning dependencies of target std_msgs_generate_messages_lisp[0m
[  0%] Built target std_msgs_generate_messages_nodejs
[  0%] Built target std_msgs_generate_messages_py
[35m[1mScanning dependencies of target std_msgs_generate_messages_eus[0m
[35m[1mScanning dependencies of target std_msgs_generate_messages_cpp[0m
[  0%] Built target std_msgs_generate_messages_lisp
[  0%] Built target std_msgs_generate_messages_eus
[  0%] Built target std_msgs_generate_messages_cpp
[35m[1mScanning dependencies of target ord_sdk[0m
[35m[1mScanning dependencies of target oradar_ros_generate_messages_py[0m
[35m[1mScanning dependencies of target oradar_ros_generate_messages_nodejs[0m
[  0%] Built target oradar_ros_generate_messages_nodejs
[  0%] Built target oradar_ros_generate_messages_py
[  8%] [32mBuilding CXX object sdk/CMakeFiles/ord_sdk.dir/src/ord_driver.cpp.o[0m
[35m[1mScanning dependencies of target oradar_ros_generate_messages_lisp[0m
[  8%] Built target oradar_ros_generate_messages_lisp
[35m[1mScanning dependencies of target oradar_ros_generate_messages_eus[0m
[ 16%] [34m[1mGenerating EusLisp manifest code for oradar_ros[0m
WARNING: Package name "RobotCar" does not follow the naming conventions. It should start with a lower case letter and only contain lower case letters, digits, underscores, and dashes.
WARNING: Package name "RobotCar" does not follow the naming conventions. It should start with a lower case letter and only contain lower case letters, digits, underscores, and dashes.
WARNING: Package name "RobotCar" does not follow the naming conventions. It should start with a lower case letter and only contain lower case letters, digits, underscores, and dashes.
WARNING: Package name "RobotCar" does not follow the naming conventions. It should start with a lower case letter and only contain lower case letters, digits, underscores, and dashes.
[35m[1mScanning dependencies of target oradar_ros_generate_messages_cpp[0m
[ 16%] Built target oradar_ros_generate_messages_cpp
[ 16%] Built target oradar_ros_generate_messages_eus
[35m[1mScanning dependencies of target oradar_ros_generate_messages[0m
[ 16%] Built target oradar_ros_generate_messages
[ 25%] [32mBuilding CXX object sdk/CMakeFiles/ord_sdk.dir/src/lidar_address.cpp.o[0m
[ 33%] [32mBuilding CXX object sdk/CMakeFiles/ord_sdk.dir/src/ord_driver_impl.cpp.o[0m
[ 41%] [32mBuilding CXX object sdk/CMakeFiles/ord_sdk.dir/src/ord_driver_net.cpp.o[0m
[ 50%] [32m[1mLinking CXX static library /home/agrobot/Robot_ws/devel/.private/oradar_ros/lib/ord_sdk.a[0m
[ 50%] Built target ord_sdk
[35m[1mScanning dependencies of target oradar_pointcloud[0m
[ 58%] [32mBuilding CXX object CMakeFiles/oradar_pointcloud.dir/src/oradar_pointcloud_node.cpp.o[0m
[ 66%] [32m[1mLinking CXX executable /home/agrobot/Robot_ws/devel/.private/oradar_ros/lib/oradar_ros/oradar_pointcloud[0m
[ 66%] Built target oradar_pointcloud
[35m[1mScanning dependencies of target oradar_scan[0m
[ 75%] [32mBuilding CXX object CMakeFiles/oradar_scan.dir/src/oradar_scan_node.cpp.o[0m
[35m[1mScanning dependencies of target scan_frame_test[0m
[ 83%] [32mBuilding CXX object sdk/samples/CMakeFiles/scan_frame_test.dir/get_scan_frame_test.cpp.o[0m
[ 91%] [32m[1mLinking CXX executable /home/agrobot/Robot_ws/devel/.private/oradar_ros/lib/oradar_ros/scan_frame_test[0m
[ 91%] Built target scan_frame_test
[100%] [32m[1mLinking CXX executable /home/agrobot/Robot_ws/devel/.private/oradar_ros/lib/oradar_ros/oradar_scan[0m
[100%] Built target oradar_scan
