Symlinking /home/agrobot/Robot_ws/devel/lib/pkgconfig/RobotCar.pc
Symlinking /home/agrobot/Robot_ws/devel/lib/python3/dist-packages/RobotCar/__init__.py
Symlinking /home/agrobot/Robot_ws/devel/lib/python3/dist-packages/RobotCar/srv/_web2robot.py
Symlinking /home/agrobot/Robot_ws/devel/lib/python3/dist-packages/RobotCar/srv/_voice2robot.py
Symlinking /home/agrobot/Robot_ws/devel/lib/python3/dist-packages/RobotCar/srv/__init__.py
Symlinking /home/agrobot/Robot_ws/devel/lib/python3/dist-packages/RobotCar/cfg/vanjee_716mini_lidarConfig.py
Symlinking /home/agrobot/Robot_ws/devel/lib/python3/dist-packages/RobotCar/cfg/__init__.py
Symlinking /home/agrobot/Robot_ws/devel/lib/python3/dist-packages/RobotCar/msg/_carinfo.py
Symlinking /home/agrobot/Robot_ws/devel/lib/python3/dist-packages/RobotCar/msg/_robotinfo.py
Symlinking /home/agrobot/Robot_ws/devel/lib/python3/dist-packages/RobotCar/msg/__init__.py
Symlinking /home/agrobot/Robot_ws/devel/lib/RobotCar/send_goals_node
Symlinking /home/agrobot/Robot_ws/devel/lib/RobotCar/car_serial
Symlinking /home/agrobot/Robot_ws/devel/lib/RobotCar/TCP_to_QT.py
Symlinking /home/agrobot/Robot_ws/devel/lib/RobotCar/room_scheduling
Symlinking /home/agrobot/Robot_ws/devel/lib/RobotCar/voice_test
Symlinking /home/agrobot/Robot_ws/devel/lib/RobotCar/wit_normal_ros.py
Symlinking /home/agrobot/Robot_ws/devel/lib/RobotCar/car_odom_tf
Symlinking /home/agrobot/Robot_ws/devel/lib/RobotCar/vanjee_716mini_lidar
Symlinking /home/agrobot/Robot_ws/devel/include/RobotCar/voice2robotRequest.h
Symlinking /home/agrobot/Robot_ws/devel/include/RobotCar/voice2robotResponse.h
Symlinking /home/agrobot/Robot_ws/devel/include/RobotCar/web2robotRequest.h
Symlinking /home/agrobot/Robot_ws/devel/include/RobotCar/voice2robot.h
Symlinking /home/agrobot/Robot_ws/devel/include/RobotCar/vanjee_716mini_lidarConfig.h
Symlinking /home/agrobot/Robot_ws/devel/include/RobotCar/carinfo.h
Symlinking /home/agrobot/Robot_ws/devel/include/RobotCar/robotinfo.h
Symlinking /home/agrobot/Robot_ws/devel/include/RobotCar/web2robotResponse.h
Symlinking /home/agrobot/Robot_ws/devel/include/RobotCar/web2robot.h
Symlinking /home/agrobot/Robot_ws/devel/share/gennodejs/ros/RobotCar/_index.js
Symlinking /home/agrobot/Robot_ws/devel/share/gennodejs/ros/RobotCar/srv/voice2robot.js
Symlinking /home/agrobot/Robot_ws/devel/share/gennodejs/ros/RobotCar/srv/web2robot.js
Symlinking /home/agrobot/Robot_ws/devel/share/gennodejs/ros/RobotCar/srv/_index.js
Symlinking /home/agrobot/Robot_ws/devel/share/gennodejs/ros/RobotCar/msg/robotinfo.js
Symlinking /home/agrobot/Robot_ws/devel/share/gennodejs/ros/RobotCar/msg/carinfo.js
Symlinking /home/agrobot/Robot_ws/devel/share/gennodejs/ros/RobotCar/msg/_index.js
Symlinking /home/agrobot/Robot_ws/devel/share/roseus/ros/RobotCar/manifest.l
Symlinking /home/agrobot/Robot_ws/devel/share/roseus/ros/RobotCar/srv/web2robot.l
Symlinking /home/agrobot/Robot_ws/devel/share/roseus/ros/RobotCar/srv/voice2robot.l
Symlinking /home/agrobot/Robot_ws/devel/share/roseus/ros/RobotCar/msg/robotinfo.l
Symlinking /home/agrobot/Robot_ws/devel/share/roseus/ros/RobotCar/msg/carinfo.l
Symlinking /home/agrobot/Robot_ws/devel/share/RobotCar/cmake/RobotCarConfig-version.cmake
Symlinking /home/agrobot/Robot_ws/devel/share/RobotCar/cmake/RobotCarConfig.cmake
Symlinking /home/agrobot/Robot_ws/devel/share/RobotCar/cmake/RobotCar-msg-extras.cmake
Symlinking /home/agrobot/Robot_ws/devel/share/RobotCar/cmake/RobotCar-msg-paths.cmake
Symlinking /home/agrobot/Robot_ws/devel/share/RobotCar/docs/vanjee_716mini_lidarConfig-usage.dox
Symlinking /home/agrobot/Robot_ws/devel/share/RobotCar/docs/vanjee_716mini_lidarConfig.wikidoc
Symlinking /home/agrobot/Robot_ws/devel/share/RobotCar/docs/vanjee_716mini_lidarConfig.dox
Symlinking /home/agrobot/Robot_ws/devel/share/common-lisp/ros/RobotCar/srv/web2robot.lisp
Symlinking /home/agrobot/Robot_ws/devel/share/common-lisp/ros/RobotCar/srv/_package_voice2robot.lisp
Symlinking /home/agrobot/Robot_ws/devel/share/common-lisp/ros/RobotCar/srv/_package.lisp
Symlinking /home/agrobot/Robot_ws/devel/share/common-lisp/ros/RobotCar/srv/_package_web2robot.lisp
Symlinking /home/agrobot/Robot_ws/devel/share/common-lisp/ros/RobotCar/srv/RobotCar-srv.asd
Symlinking /home/agrobot/Robot_ws/devel/share/common-lisp/ros/RobotCar/srv/voice2robot.lisp
Symlinking /home/agrobot/Robot_ws/devel/share/common-lisp/ros/RobotCar/msg/_package_carinfo.lisp
Symlinking /home/agrobot/Robot_ws/devel/share/common-lisp/ros/RobotCar/msg/carinfo.lisp
Symlinking /home/agrobot/Robot_ws/devel/share/common-lisp/ros/RobotCar/msg/RobotCar-msg.asd
Symlinking /home/agrobot/Robot_ws/devel/share/common-lisp/ros/RobotCar/msg/_package.lisp
Symlinking /home/agrobot/Robot_ws/devel/share/common-lisp/ros/RobotCar/msg/robotinfo.lisp
Symlinking /home/agrobot/Robot_ws/devel/share/common-lisp/ros/RobotCar/msg/_package_robotinfo.lisp
