Symlinking /home/agrobot/Robot_ws/devel/lib/libvanjee_xxx.so
Symlinking /home/agrobot/Robot_ws/devel/lib/pkgconfig/vanjee_mini_lidar.pc
Symlinking /home/agrobot/Robot_ws/devel/lib/python3/dist-packages/vanjee_mini_lidar/__init__.py
Symlinking /home/agrobot/Robot_ws/devel/lib/python3/dist-packages/vanjee_mini_lidar/cfg/vanjee_718mini_lidarConfig.py
Symlinking /home/agrobot/Robot_ws/devel/lib/python3/dist-packages/vanjee_mini_lidar/cfg/vanjee_718h_lidarConfig.py
Symlinking /home/agrobot/Robot_ws/devel/lib/python3/dist-packages/vanjee_mini_lidar/cfg/vanjee_716mini_lidarConfig.py
Symlinking /home/agrobot/Robot_ws/devel/lib/python3/dist-packages/vanjee_mini_lidar/cfg/__init__.py
Symlinking /home/agrobot/Robot_ws/devel/lib/vanjee_mini_lidar/vanjee_718mini_lidar
Symlinking /home/agrobot/Robot_ws/devel/lib/vanjee_mini_lidar/vanjee_716mini_lidar
Symlinking /home/agrobot/Robot_ws/devel/lib/vanjee_mini_lidar/vanjee_718h_lidar
Symlinking /home/agrobot/Robot_ws/devel/include/vanjee_mini_lidar/vanjee_718h_lidarConfig.h
Symlinking /home/agrobot/Robot_ws/devel/include/vanjee_mini_lidar/vanjee_718mini_lidarConfig.h
Symlinking /home/agrobot/Robot_ws/devel/include/vanjee_mini_lidar/vanjee_716mini_lidarConfig.h
Symlinking /home/agrobot/Robot_ws/devel/share/vanjee_mini_lidar/cmake/vanjee_mini_lidarConfig.cmake
Symlinking /home/agrobot/Robot_ws/devel/share/vanjee_mini_lidar/cmake/vanjee_mini_lidarConfig-version.cmake
Symlinking /home/agrobot/Robot_ws/devel/share/vanjee_mini_lidar/docs/vanjee_718h_lidarConfig-usage.dox
Symlinking /home/agrobot/Robot_ws/devel/share/vanjee_mini_lidar/docs/vanjee_716mini_lidarConfig-usage.dox
Symlinking /home/agrobot/Robot_ws/devel/share/vanjee_mini_lidar/docs/vanjee_718h_lidarConfig.dox
Symlinking /home/agrobot/Robot_ws/devel/share/vanjee_mini_lidar/docs/vanjee_718mini_lidarConfig.dox
Symlinking /home/agrobot/Robot_ws/devel/share/vanjee_mini_lidar/docs/vanjee_718mini_lidarConfig.wikidoc
Symlinking /home/agrobot/Robot_ws/devel/share/vanjee_mini_lidar/docs/vanjee_718mini_lidarConfig-usage.dox
Symlinking /home/agrobot/Robot_ws/devel/share/vanjee_mini_lidar/docs/vanjee_718h_lidarConfig.wikidoc
Symlinking /home/agrobot/Robot_ws/devel/share/vanjee_mini_lidar/docs/vanjee_716mini_lidarConfig.wikidoc
Symlinking /home/agrobot/Robot_ws/devel/share/vanjee_mini_lidar/docs/vanjee_716mini_lidarConfig.dox
